Performing C++ SOURCE FILE Test CMAKE_HAVE_LIBC_PTHREAD failed with the following output:
Change Dir: /home/at04/デスクトップ/ai-server-ssl-h/build/CMakeFiles/CMakeTmp

Run Build Command(s):/usr/bin/ninja cmTC_1179e && [1/2] Building CXX object CMakeFiles/cmTC_1179e.dir/src.cxx.o
[2/2] Linking CXX executable cmTC_1179e
FAILED: cmTC_1179e 
: && /usr/bin/clang++  -DCMAKE_HAVE_LIBC_PTHREAD  -Wl,-O1,--sort-common,--as-needed,-z,relro CMakeFiles/cmTC_1179e.dir/src.cxx.o  -o cmTC_1179e   && :
/usr/bin/ld: CMakeFiles/cmTC_1179e.dir/src.cxx.o: in function `main':
src.cxx:(.text+0x35): undefined reference to `pthread_create'
/usr/bin/ld: src.cxx:(.text+0x41): undefined reference to `pthread_detach'
/usr/bin/ld: src.cxx:(.text+0x53): undefined reference to `pthread_join'
clang: error: linker command failed with exit code 1 (use -v to see invocation)
ninja: build stopped: subcommand failed.


Source file was:
#include <pthread.h>

void* test_func(void* data)
{
  return data;
}

int main(void)
{
  pthread_t thread;
  pthread_create(&thread, NULL, test_func, NULL);
  pthread_detach(thread);
  pthread_join(thread, NULL);
  pthread_atfork(NULL, NULL, NULL);
  pthread_exit(NULL);

  return 0;
}

Determining if the function pthread_create exists in the pthreads failed with the following output:
Change Dir: /home/at04/デスクトップ/ai-server-ssl-h/build/CMakeFiles/CMakeTmp

Run Build Command(s):/usr/bin/ninja cmTC_6852a && [1/2] Building CXX object CMakeFiles/cmTC_6852a.dir/CheckFunctionExists.cxx.o
[2/2] Linking CXX executable cmTC_6852a
FAILED: cmTC_6852a 
: && /usr/bin/clang++  -DCHECK_FUNCTION_EXISTS=pthread_create  -Wl,-O1,--sort-common,--as-needed,-z,relro CMakeFiles/cmTC_6852a.dir/CheckFunctionExists.cxx.o  -o cmTC_6852a  -lpthreads && :
/usr/bin/ld: -lpthreads が見つかりません
clang: error: linker command failed with exit code 1 (use -v to see invocation)
ninja: build stopped: subcommand failed.



